Build started 2/2/2014 4:05:05 PM.
     1>Project "C:\Users\Noah\Noah\Programing\Direct X\Workspace\Hello_DirectX11\Hello_DirectX11\Hello_DirectX11.vcxproj" on node 2 (Build target(s)).
     1>ClCompile:
         C:\Program Files (x86)\Microsoft Visual Studio 12.0\VC\bin\CL.exe /c /ZI /nologo /W3 /WX- /sdl /Od /Oy- /D _MBCS /Gm /EHsc /RTC1 /MDd /GS /fp:precise /Zc:wchar_t /Zc:forScope /Fo"Debug\\" /Fd"Debug\vc120.pdb" /Gd /TP /analyze- /errorReport:prompt DXApp.cpp
         DXApp.cpp
     1>c:\users\noah\noah\programing\direct x\workspace\hello_directx11\hello_directx11\dxapp.cpp(118): warning C4244: 'initializing' : conversion from 'float' to 'LONG', possible loss of data
     1>c:\users\noah\noah\programing\direct x\workspace\hello_directx11\hello_directx11\dxapp.cpp(179): warning C4244: '=' : conversion from 'float' to 'UINT', possible loss of data
     1>c:\users\noah\noah\programing\direct x\workspace\hello_directx11\hello_directx11\dxapp.cpp(180): warning C4244: '=' : conversion from 'float' to 'UINT', possible loss of data
       Link:
         C:\Program Files (x86)\Microsoft Visual Studio 12.0\VC\bin\link.exe /ERRORREPORT:PROMPT /OUT:"C:\Users\Noah\Noah\Programing\Direct X\Workspace\Hello_DirectX11\Debug\Hello_DirectX11.exe" /INCREMENTAL /NOLOGO kernel32.lib user32.lib gdi32.lib winspool.lib comdlg32.lib advapi32.lib shell32.lib ole32.lib oleaut32.lib uuid.lib odbc32.lib odbccp32.lib /MANIFEST /MANIFESTUAC:"level='asInvoker' uiAccess='false'" /manifest:embed /DEBUG /PDB:"C:\Users\Noah\Noah\Programing\Direct X\Workspace\Hello_DirectX11\Debug\Hello_DirectX11.pdb" /TLBID:1 /DYNAMICBASE /NXCOMPAT /IMPLIB:"C:\Users\Noah\Noah\Programing\Direct X\Workspace\Hello_DirectX11\Debug\Hello_DirectX11.lib" /MACHINE:X86 Debug\Camera.obj
         Debug\DXApp.obj
         Debug\dxerr.obj
         Debug\DXUtil.obj
         Debug\Entity.obj
         Debug\Hello_DirectX11.obj
         Debug\RenderController.obj
         Hello_DirectX11.vcxproj -> C:\Users\Noah\Noah\Programing\Direct X\Workspace\Hello_DirectX11\Debug\Hello_DirectX11.exe
     1>Done Building Project "C:\Users\Noah\Noah\Programing\Direct X\Workspace\Hello_DirectX11\Hello_DirectX11\Hello_DirectX11.vcxproj" (Build target(s)).

Build succeeded.

Time Elapsed 00:00:01.97
